<?xml version="1.0" encoding="UTF-8"?>
<!-- Generated by org.testng.reporters.JUnitXMLReporter -->
<testsuite ignored="2" hostname="iOSs-iMac-Dominic.local" failures="0" tests="1" name="Test" time="15.908" errors="0" timestamp="2021-02-26T15:57:51 IST">
  <testcase classname="mvn.automation.eCommerce.productSearch" name="search" time="15.888"/>
  <testcase classname="mvn.automation.eCommerce.Base" name="@AfterSuite flush" time="0.0">
    <ignored/>
  </testcase> <!-- @AfterSuite flush -->
  <testcase classname="mvn.automation.eCommerce.Base" name="@BeforeSuite before" time="0.0">
    <ignored/>
  </testcase> <!-- @BeforeSuite before -->
</testsuite> <!-- Test -->
