<?xml version="1.0" encoding="UTF-8"?>
<testng-results ignored="2" total="3" passed="1" failed="0" skipped="0">
  <reporter-output>
  </reporter-output>
  <suite started-at="2021-02-26T15:57:30 IST" name="Suite" finished-at="2021-02-26T15:57:46 IST" duration-ms="15908">
    <groups>
    </groups>
    <test started-at="2021-02-26T15:57:30 IST" name="Test" finished-at="2021-02-26T15:57:46 IST" duration-ms="15908">
      <class name="mvn.automation.eCommerce.Base">
        <test-method is-config="true" signature="before()[pri:0, instance:mvn.automation.eCommerce.Base@19d481b]" started-at="2021-02-26T15:57:30 IST" name="before" finished-at="2021-02-26T15:57:30 IST" duration-ms="125" status="PASS">
          <reporter-output>
          </reporter-output>
        </test-method> <!-- before -->
        <test-method is-config="true" signature="flush()[pri:0, instance:mvn.automation.eCommerce.Base@19d481b]" started-at="2021-02-26T15:57:51 IST" name="flush" finished-at="2021-02-26T15:57:51 IST" duration-ms="322" status="PASS">
          <reporter-output>
          </reporter-output>
        </test-method> <!-- flush -->
      </class> <!-- mvn.automation.eCommerce.Base -->
      <class name="mvn.automation.eCommerce.productSearch">
        <test-method signature="search()[pri:0, instance:mvn.automation.eCommerce.productSearch@1f97cf0d]" started-at="2021-02-26T15:57:30 IST" name="search" finished-at="2021-02-26T15:57:46 IST" duration-ms="15888" status="PASS">
          <reporter-output>
          </reporter-output>
        </test-method> <!-- search -->
      </class> <!-- mvn.automation.eCommerce.productSearch -->
    </test> <!-- Test -->
  </suite> <!-- Suite -->
</testng-results>
